<?xml version="1.0" encoding="UTF-8"?>
<!-- Generated by org.testng.reporters.JUnitXMLReporter -->
<testsuite ignored="1" hostname="BAYAN" failures="0" tests="9" name="Default test" time="11.246" errors="0" timestamp="2024-02-15T18:20:52 EET">
  <testcase classname="almosafweb.myTestCases" name="Checklanguage" time="0.063"/>
  <testcase classname="almosafweb.myTestCases" name="CheckTheCurrency" time="0.037"/>
  <testcase classname="almosafweb.myTestCases" name="CheckContactNumber" time="0.024"/>
  <testcase classname="almosafweb.myTestCases" name="CheckLogoqitaf" time="0.032"/>
  <testcase classname="almosafweb.myTestCases" name="cheakNOTSelectHotels" time="0.024"/>
  <testcase classname="almosafweb.myTestCases" name="flightsDate" time="0.049"/>
  <testcase classname="almosafweb.myTestCases" name="flightDAY2" time="1.081"/>
  <testcase classname="almosafweb.myTestCases" name="flighMonth" time="1.094"/>
  <testcase classname="almosafweb.myTestCases" name="switchLangWeb" time="6.205"/>
  <testcase classname="almosafweb.myTestCases" name="flightDAY" time="0.0">
    <ignored/>
  </testcase> <!-- flightDAY -->
</testsuite> <!-- Default test -->
