<?xml version="1.0" encoding="UTF-8"?>
<!-- Generated by org.testng.reporters.JUnitXMLReporter -->
<testsuite ignored="1" hostname="BAYAN" failures="0" tests="9" name="Default test" time="53.143" errors="0" timestamp="2024-02-17T00:38:33 EET">
  <testcase classname="almosafweb.myTestCases" name="Checklanguage" time="0.04"/>
  <testcase classname="almosafweb.myTestCases" name="CheckTheCurrency" time="0.034"/>
  <testcase classname="almosafweb.myTestCases" name="CheckContactNumber" time="0.027"/>
  <testcase classname="almosafweb.myTestCases" name="CheckLogoqitaf" time="0.04"/>
  <testcase classname="almosafweb.myTestCases" name="cheakNOTSelectHotels" time="0.027"/>
  <testcase classname="almosafweb.myTestCases" name="flightsDate" time="0.059"/>
  <testcase classname="almosafweb.myTestCases" name="flightDAY2" time="1.087"/>
  <testcase classname="almosafweb.myTestCases" name="flighMonth" time="1.077"/>
  <testcase classname="almosafweb.myTestCases" name="switchLangWeb" time="47.397"/>
  <testcase classname="almosafweb.myTestCases" name="flightDAY" time="0.0">
    <ignored/>
  </testcase> <!-- flightDAY -->
</testsuite> <!-- Default test -->
