<?xml version="1.0" encoding="UTF-8"?>
<testng-results ignored="1" total="10" passed="9" failed="0" skipped="0">
  <reporter-output>
  </reporter-output>
  <suite started-at="2024-02-17T00:37:40 EET" name="Default suite" finished-at="2024-02-17T00:38:33 EET" duration-ms="53143">
    <groups>
    </groups>
    <test started-at="2024-02-17T00:37:40 EET" name="Default test" finished-at="2024-02-17T00:38:33 EET" duration-ms="53143">
      <class name="almosafweb.myTestCases">
        <test-method is-config="true" signature="SetUp()[pri:0, instance:almosafweb.myTestCases@3c0fae6c]" started-at="2024-02-17T00:37:40 EET" name="SetUp" finished-at="2024-02-17T00:37:43 EET" duration-ms="3315" status="PASS">
          <reporter-output>
          </reporter-output>
        </test-method> <!-- SetUp -->
        <test-method signature="Checklanguage()[pri:1, instance:almosafweb.myTestCases@3c0fae6c]" started-at="2024-02-17T00:37:43 EET" name="Checklanguage" finished-at="2024-02-17T00:37:43 EET" duration-ms="40" status="PASS">
          <reporter-output>
          </reporter-output>
        </test-method> <!-- Checklanguage -->
        <test-method signature="CheckTheCurrency()[pri:2, instance:almosafweb.myTestCases@3c0fae6c]" started-at="2024-02-17T00:37:43 EET" name="CheckTheCurrency" finished-at="2024-02-17T00:37:43 EET" duration-ms="34" status="PASS">
          <reporter-output>
          </reporter-output>
        </test-method> <!-- CheckTheCurrency -->
        <test-method signature="CheckContactNumber()[pri:3, instance:almosafweb.myTestCases@3c0fae6c]" started-at="2024-02-17T00:37:43 EET" name="CheckContactNumber" finished-at="2024-02-17T00:37:43 EET" duration-ms="27" status="PASS">
          <reporter-output>
          </reporter-output>
        </test-method> <!-- CheckContactNumber -->
        <test-method signature="CheckLogoqitaf()[pri:4, instance:almosafweb.myTestCases@3c0fae6c]" started-at="2024-02-17T00:37:43 EET" name="CheckLogoqitaf" finished-at="2024-02-17T00:37:43 EET" duration-ms="40" status="PASS">
          <reporter-output>
          </reporter-output>
        </test-method> <!-- CheckLogoqitaf -->
        <test-method signature="cheakNOTSelectHotels()[pri:5, instance:almosafweb.myTestCases@3c0fae6c]" started-at="2024-02-17T00:37:43 EET" name="cheakNOTSelectHotels" finished-at="2024-02-17T00:37:43 EET" duration-ms="27" status="PASS">
          <reporter-output>
          </reporter-output>
        </test-method> <!-- cheakNOTSelectHotels -->
        <test-method signature="flightsDate()[pri:6, instance:almosafweb.myTestCases@3c0fae6c]" started-at="2024-02-17T00:37:43 EET" name="flightsDate" finished-at="2024-02-17T00:37:43 EET" duration-ms="59" status="PASS">
          <reporter-output>
          </reporter-output>
        </test-method> <!-- flightsDate -->
        <test-method signature="flightDAY2()[pri:8, instance:almosafweb.myTestCases@3c0fae6c]" started-at="2024-02-17T00:37:43 EET" name="flightDAY2" finished-at="2024-02-17T00:37:44 EET" duration-ms="1087" status="PASS">
          <reporter-output>
          </reporter-output>
        </test-method> <!-- flightDAY2 -->
        <test-method signature="flighMonth()[pri:9, instance:almosafweb.myTestCases@3c0fae6c]" started-at="2024-02-17T00:37:44 EET" name="flighMonth" finished-at="2024-02-17T00:37:45 EET" duration-ms="1077" status="PASS">
          <reporter-output>
          </reporter-output>
        </test-method> <!-- flighMonth -->
        <test-method signature="switchLangWeb()[pri:10, instance:almosafweb.myTestCases@3c0fae6c]" started-at="2024-02-17T00:37:45 EET" name="switchLangWeb" finished-at="2024-02-17T00:38:33 EET" duration-ms="47397" status="PASS">
          <reporter-output>
          </reporter-output>
        </test-method> <!-- switchLangWeb -->
        <test-method is-config="true" signature="PostTesting()[pri:0, instance:almosafweb.myTestCases@3c0fae6c]" started-at="2024-02-17T00:38:33 EET" name="PostTesting" finished-at="2024-02-17T00:38:33 EET" duration-ms="0" status="PASS">
          <reporter-output>
          </reporter-output>
        </test-method> <!-- PostTesting -->
      </class> <!-- almosafweb.myTestCases -->
    </test> <!-- Default test -->
  </suite> <!-- Default suite -->
</testng-results>
